<?xml version="1.0" encoding="UTF-8"?>
<!-- Generated by org.testng.reporters.JUnitReportReporter -->
<testsuite hostname="Piltu" failures="0" tests="7" name="assignment.LoginPage" time="11.148" errors="0" timestamp="2024-09-02T23:06:00 IST" skipped="0">
  <testcase classname="assignment.LoginPage" name="validCredentials" time="3.904"/>
  <system-out/>
  <testcase classname="assignment.LoginPage" name="invalidCredentials" time="1.064"/>
  <system-out/>
  <testcase classname="assignment.LoginPage" name="invalidEmailid" time="1.874"/>
  <system-out/>
  <testcase classname="assignment.LoginPage" name="invalidPassword" time="1.163"/>
  <system-out/>
  <testcase classname="assignment.LoginPage" name="emptyCredentials" time="0.875"/>
  <system-out/>
  <testcase classname="assignment.LoginPage" name="blankEmailid" time="1.420"/>
  <system-out/>
  <testcase classname="assignment.LoginPage" name="blankPassword" time="0.848"/>
  <system-out/>
</testsuite> <!-- assignment.LoginPage -->
